  Building Custom Rule E:/cs100/2022/3-多线程和模板编程/hw7_templates/7-3/CMakeLists.txt
  kmeans.cpp
E:\cs100\2022\3-多线程和模板编程\hw7_templates\7-3\kmeans.cpp(12,14): error C2679: 二元“>>”: 没有找到接受“const char [2]”类型的右操作数的运算符(或没有可接受的转换)
C:\Program Files\Microsoft Visual Studio\2022\Community\VC\Tools\MSVC\14.34.31933\include\istream(299,39): message : 可能是“std::basic_istream<char,std::char_traits<char>> &std::basic_istream<char,std::char_traits<char>>::operator >>(std::basic_streambuf<char,std::char_traits<char>> *)”
C:\Program Files\Microsoft Visual Studio\2022\Community\VC\Tools\MSVC\14.34.31933\include\istream(295,39): message : 或    “std::basic_istream<char,std::char_traits<char>> &std::basic_istream<char,std::char_traits<char>>::operator >>(void *&)”
C:\Program Files\Microsoft Visual Studio\2022\Community\VC\Tools\MSVC\14.34.31933\include\istream(291,39): message : 或    “std::basic_istream<char,std::char_traits<char>> &std::basic_istream<char,std::char_traits<char>>::operator >>(long double &)”
C:\Program Files\Microsoft Visual Studio\2022\Community\VC\Tools\MSVC\14.34.31933\include\istream(287,39): message : 或    “std::basic_istream<char,std::char_traits<char>> &std::basic_istream<char,std::char_traits<char>>::operator >>(double &)”
C:\Program Files\Microsoft Visual Studio\2022\Community\VC\Tools\MSVC\14.34.31933\include\istream(283,39): message : 或    “std::basic_istream<char,std::char_traits<char>> &std::basic_istream<char,std::char_traits<char>>::operator >>(float &)”
C:\Program Files\Microsoft Visual Studio\2022\Community\VC\Tools\MSVC\14.34.31933\include\istream(279,39): message : 或    “std::basic_istream<char,std::char_traits<char>> &std::basic_istream<char,std::char_traits<char>>::operator >>(unsigned __int64 &)”
C:\Program Files\Microsoft Visual Studio\2022\Community\VC\Tools\MSVC\14.34.31933\include\istream(275,39): message : 或    “std::basic_istream<char,std::char_traits<char>> &std::basic_istream<char,std::char_traits<char>>::operator >>(__int64 &)”
C:\Program Files\Microsoft Visual Studio\2022\Community\VC\Tools\MSVC\14.34.31933\include\istream(271,39): message : 或    “std::basic_istream<char,std::char_traits<char>> &std::basic_istream<char,std::char_traits<char>>::operator >>(unsigned long &)”
C:\Program Files\Microsoft Visual Studio\2022\Community\VC\Tools\MSVC\14.34.31933\include\istream(267,39): message : 或    “std::basic_istream<char,std::char_traits<char>> &std::basic_istream<char,std::char_traits<char>>::operator >>(long &)”
C:\Program Files\Microsoft Visual Studio\2022\Community\VC\Tools\MSVC\14.34.31933\include\istream(263,39): message : 或    “std::basic_istream<char,std::char_traits<char>> &std::basic_istream<char,std::char_traits<char>>::operator >>(unsigned int &)”
C:\Program Files\Microsoft Visual Studio\2022\Community\VC\Tools\MSVC\14.34.31933\include\istream(255,39): message : 或    “std::basic_istream<char,std::char_traits<char>> &std::basic_istream<char,std::char_traits<char>>::operator >>(int &)”
C:\Program Files\Microsoft Visual Studio\2022\Community\VC\Tools\MSVC\14.34.31933\include\istream(251,39): message : 或    “std::basic_istream<char,std::char_traits<char>> &std::basic_istream<char,std::char_traits<char>>::operator >>(unsigned short &)”
C:\Program Files\Microsoft Visual Studio\2022\Community\VC\Tools\MSVC\14.34.31933\include\istream(219,39): message : 或    “std::basic_istream<char,std::char_traits<char>> &std::basic_istream<char,std::char_traits<char>>::operator >>(short &)”
C:\Program Files\Microsoft Visual Studio\2022\Community\VC\Tools\MSVC\14.34.31933\include\istream(215,39): message : 或    “std::basic_istream<char,std::char_traits<char>> &std::basic_istream<char,std::char_traits<char>>::operator >>(bool &)”
C:\Program Files\Microsoft Visual Studio\2022\Community\VC\Tools\MSVC\14.34.31933\include\istream(186,39): message : 或    “std::basic_istream<char,std::char_traits<char>> &std::basic_istream<char,std::char_traits<char>>::operator >>(std::ios_base &(__cdecl *)(std::ios_base &))”
C:\Program Files\Microsoft Visual Studio\2022\Community\VC\Tools\MSVC\14.34.31933\include\istream(181,39): message : 或    “std::basic_istream<char,std::char_traits<char>> &std::basic_istream<char,std::char_traits<char>>::operator >>(std::basic_ios<char,std::char_traits<char>> &(__cdecl *)(std::basic_ios<char,std::char_traits<char>> &))”
C:\Program Files\Microsoft Visual Studio\2022\Community\VC\Tools\MSVC\14.34.31933\include\istream(176,39): message : 或    “std::basic_istream<char,std::char_traits<char>> &std::basic_istream<char,std::char_traits<char>>::operator >>(std::basic_istream<char,std::char_traits<char>> &(__cdecl *)(std::basic_istream<char,std::char_traits<char>> &))”
E:\cs100\2022\3-多线程和模板编程\hw7_templates\7-3\kmeans.cpp(9,15): message : 或    “std::istream &operator >>(std::istream &,Point &)”
C:\Program Files\Microsoft Visual Studio\2022\Community\VC\Tools\MSVC\14.34.31933\include\xstring(5311,32): message : 或    “std::basic_istream<_Elem,_Traits> &std::operator >>(std::basic_istream<_Elem,_Traits> &,std::basic_string<_Elem,_Traits,_Alloc> &)”
E:\cs100\2022\3-多线程和模板编程\hw7_templates\7-3\kmeans.cpp(12,14): message : “std::basic_istream<_Elem,_Traits> &std::operator >>(std::basic_istream<_Elem,_Traits> &,std::basic_string<_Elem,_Traits,_Alloc> &)”: 无法从“const char [2]”推导出“std::basic_string<_Elem,_Traits,_Alloc> &”的 模板 参数
C:\Program Files\Microsoft Visual Studio\2022\Community\VC\Tools\MSVC\14.34.31933\include\istream(843,32): message : 或    “std::basic_istream<_Elem,_Traits> &std::operator >>(std::basic_istream<_Elem,_Traits> &,_Elem *)”
E:\cs100\2022\3-多线程和模板编程\hw7_templates\7-3\kmeans.cpp(12,14): message : “std::basic_istream<_Elem,_Traits> &std::operator >>(std::basic_istream<_Elem,_Traits> &,_Elem *)”: 模板 参数“_Elem”不明确
E:\cs100\2022\3-多线程和模板编程\hw7_templates\7-3\kmeans.cpp(12,14): message : 可能是“const char”
E:\cs100\2022\3-多线程和模板编程\hw7_templates\7-3\kmeans.cpp(12,14): message : 或    “char”
E:\cs100\2022\3-多线程和模板编程\hw7_templates\7-3\kmeans.cpp(12,14): message : “std::basic_istream<_Elem,_Traits> &std::operator >>(std::basic_istream<_Elem,_Traits> &,_Elem *)”: 无法从“const char [2]”推导出“_Elem *”的 模板 参数
C:\Program Files\Microsoft Visual Studio\2022\Community\VC\Tools\MSVC\14.34.31933\include\istream(848,31): message : 或    “std::basic_istream<char,_Traits> &std::operator >>(std::basic_istream<char,_Traits> &,signed char *)”
E:\cs100\2022\3-多线程和模板编程\hw7_templates\7-3\kmeans.cpp(12,22): message : “初始化”: 无法从“const char [2]”转换为“signed char *”
E:\cs100\2022\3-多线程和模板编程\hw7_templates\7-3\kmeans.cpp(12,22): message : 指向的类型不相关; 转换需要 reinterpret_cast、C 样式强制转换或带圆括号的函数样式强制转换
C:\Program Files\Microsoft Visual Studio\2022\Community\VC\Tools\MSVC\14.34.31933\include\istream(853,31): message : 或    “std::basic_istream<char,_Traits> &std::operator >>(std::basic_istream<char,_Traits> &,unsigned char *)”
E:\cs100\2022\3-多线程和模板编程\hw7_templates\7-3\kmeans.cpp(12,22): message : “初始化”: 无法从“const char [2]”转换为“unsigned char *”
E:\cs100\2022\3-多线程和模板编程\hw7_templates\7-3\kmeans.cpp(12,22): message : 指向的类型不相关; 转换需要 reinterpret_cast、C 样式强制转换或带圆括号的函数样式强制转换
C:\Program Files\Microsoft Visual Studio\2022\Community\VC\Tools\MSVC\14.34.31933\include\istream(859,32): message : 或    “std::basic_istream<_Elem,_Traits> &std::operator >>(std::basic_istream<_Elem,_Traits> &,_Elem &)”
E:\cs100\2022\3-多线程和模板编程\hw7_templates\7-3\kmeans.cpp(12,14): message : “std::basic_istream<_Elem,_Traits> &std::operator >>(std::basic_istream<_Elem,_Traits> &,_Elem &)”: 模板 参数“_Elem”不明确
E:\cs100\2022\3-多线程和模板编程\hw7_templates\7-3\kmeans.cpp(12,14): message : 可能是“const char [2]”
E:\cs100\2022\3-多线程和模板编程\hw7_templates\7-3\kmeans.cpp(12,14): message : 或    “char”
E:\cs100\2022\3-多线程和模板编程\hw7_templates\7-3\kmeans.cpp(12,14): message : “std::basic_istream<_Elem,_Traits> &std::operator >>(std::basic_istream<_Elem,_Traits> &,_Elem &)”: 无法从“const char [2]”推导出“_Elem &”的 模板 参数
C:\Program Files\Microsoft Visual Studio\2022\Community\VC\Tools\MSVC\14.34.31933\include\istream(882,31): message : 或    “std::basic_istream<char,_Traits> &std::operator >>(std::basic_istream<char,_Traits> &,signed char &)”
E:\cs100\2022\3-多线程和模板编程\hw7_templates\7-3\kmeans.cpp(12,22): message : “初始化”: 无法从“const char [2]”转换为“signed char &”
C:\Program Files\Microsoft Visual Studio\2022\Community\VC\Tools\MSVC\14.34.31933\include\istream(888,31): message : 或    “std::basic_istream<char,_Traits> &std::operator >>(std::basic_istream<char,_Traits> &,unsigned char &)”
E:\cs100\2022\3-多线程和模板编程\hw7_templates\7-3\kmeans.cpp(12,22): message : “初始化”: 无法从“const char [2]”转换为“unsigned char &”
C:\Program Files\Microsoft Visual Studio\2022\Community\VC\Tools\MSVC\14.34.31933\include\istream(901,9): message : 或    “_Istr &&std::operator >>(_Istr &&,_Ty &&)”
E:\cs100\2022\3-多线程和模板编程\hw7_templates\7-3\kmeans.cpp(12,25): message : “_Istr &&std::operator >>(_Istr &&,_Ty &&)”: 无法推导“__formal”的 模板 参数
E:\cs100\2022\3-多线程和模板编程\hw7_templates\7-3\kmeans.cpp(12,14): message : 尝试匹配参数列表“(std::basic_istream<char,std::char_traits<char>>, const char [2])”时
E:\cs100\2022\3-多线程和模板编程\hw7_templates\7-3\kmeans.cpp(27,41): warning C4267: “=”: 从“size_t”转换到“int”，可能丢失数据
E:\cs100\2022\3-多线程和模板编程\hw7_templates\7-3\kmeans.cpp(28,32): warning C4267: “=”: 从“size_t”转换到“int”，可能丢失数据
